<?xml version="1.0" encoding="UTF-8"?>
<!-- Generated by org.testng.reporters.JUnitReportReporter -->
<testsuite name="Selenium.Tests.StartWarsTest" tests="5" time="57.566" ignored="0" failures="0" timestamp="27 Jan 2019 20:46:32 GMT" skipped="0" hostname="DESKTOP-E0LIMUF" errors="0">
  <testcase name="NavigateFromHomePageToFilmsPageToVideosPage" time="8.930" classname="Selenium.Tests.StartWarsTest"/>
  <testcase name="NavigateFromFilmsPageToHomePage" time="5.144" classname="Selenium.Tests.StartWarsTest"/>
  <testcase name="AtHomePage" time="6.504" classname="Selenium.Tests.StartWarsTest"/>
  <testcase name="NavigateFromVideosPageToHomePage" time="5.386" classname="Selenium.Tests.StartWarsTest"/>
  <testcase name="InvalidUrl" time="31.602" classname="Selenium.Tests.StartWarsTest"/>
</testsuite> <!-- Selenium.Tests.StartWarsTest -->
