<?xml version="1.0" encoding="UTF-8"?>
<!-- Generated by org.testng.reporters.JUnitReportReporter -->
<testsuite name="Selenium.Tests.UntitledTestCase" tests="1" time="12.600" ignored="0" failures="0" timestamp="27 Jan 2019 07:05:35 GMT" skipped="0" hostname="DESKTOP-E0LIMUF" errors="0">
  <testcase name="testUntitledTestCase" time="12.600" classname="Selenium.Tests.UntitledTestCase"/>
</testsuite> <!-- Selenium.Tests.UntitledTestCase -->
